2025-08-23 09:58:42,444 INFO o.a.j.u.JMeterUtils: Setting Locale to en_TR
2025-08-23 09:58:42,453 INFO o.a.j.JMeter: Loading user properties from: /Users/sevdekilic/Downloads/apache-jmeter-5.6.3/bin/user.properties
2025-08-23 09:58:42,453 INFO o.a.j.JMeter: Loading system properties from: /Users/sevdekilic/Downloads/apache-jmeter-5.6.3/bin/system.properties
2025-08-23 09:58:42,456 INFO o.a.j.JMeter: Copyright (c) 1998-2024 The Apache Software Foundation
2025-08-23 09:58:42,456 INFO o.a.j.JMeter: Version 5.6.3
2025-08-23 09:58:42,456 INFO o.a.j.JMeter: java.version=22.0.1
2025-08-23 09:58:42,456 INFO o.a.j.JMeter: java.vm.name=Java HotSpot(TM) 64-Bit Server VM
2025-08-23 09:58:42,456 INFO o.a.j.JMeter: os.name=Mac OS X
2025-08-23 09:58:42,456 INFO o.a.j.JMeter: os.arch=aarch64
2025-08-23 09:58:42,456 INFO o.a.j.JMeter: os.version=15.6
2025-08-23 09:58:42,456 INFO o.a.j.JMeter: file.encoding=UTF-8
2025-08-23 09:58:42,456 INFO o.a.j.JMeter: java.awt.headless=null
2025-08-23 09:58:42,456 INFO o.a.j.JMeter: Max memory     =4294967296
2025-08-23 09:58:42,456 INFO o.a.j.JMeter: Available Processors =12
2025-08-23 09:58:42,459 INFO o.a.j.JMeter: Default Locale=English (Türkiye)
2025-08-23 09:58:42,460 INFO o.a.j.JMeter: JMeter  Locale=English (Türkiye)
2025-08-23 09:58:42,460 INFO o.a.j.JMeter: JMeterHome=/Users/sevdekilic/Downloads/apache-jmeter-5.6.3
2025-08-23 09:58:42,460 INFO o.a.j.JMeter: user.dir  =/Users/sevdekilic/Desktop/shopfast-ecommerce
2025-08-23 09:58:42,460 INFO o.a.j.JMeter: PWD       =/Users/sevdekilic/Desktop/shopfast-ecommerce
2025-08-23 09:58:42,461 INFO o.a.j.JMeter: IP: 127.0.0.1 Name: Sevdes-MacBook-Pro.local FullName: localhost
2025-08-23 09:58:42,466 INFO o.a.j.JMeter: Loaded icon properties from org/apache/jmeter/images/icon.properties
2025-08-23 09:58:42,651 INFO o.a.j.JMeterGuiLauncher: Setting LAF to: com.github.weisj.darklaf.DarkLaf:com.github.weisj.darklaf.theme.DarculaTheme
